# JRE version: 7.0_13-b20
# Java VM: Java HotSpot(TM) 64-Bit Server VM (23.7-b01 mixed mode windows-amd64 compressed oops)
Heap
 PSYoungGen      total 75200K, used 20624K [0x00000007ac160000, 0x00000007b1540000, 0x0000000800000000)
  eden space 64512K, 31% used [0x00000007ac160000,0x00000007ad584388,0x00000007b0060000)
  from space 10688K, 0% used [0x00000007b0ad0000,0x00000007b0ad0000,0x00000007b1540000)
  to   space 10688K, 0% used [0x00000007b0060000,0x00000007b0060000,0x00000007b0ad0000)
 ParOldGen       total 171840K, used 2868K [0x0000000704400000, 0x000000070ebd0000, 0x00000007ac160000)
  object space 171840K, 1% used [0x0000000704400000,0x00000007046cd0c0,0x000000070ebd0000)
 PSPermGen       total 26048K, used 16148K [0x00000006ff200000, 0x0000000700b70000, 0x0000000704400000)
  object space 26048K, 61% used [0x00000006ff200000,0x00000007001c5140,0x0000000700b70000)
GC Heap History (10 events):
Event: 1944.204 GC heap before
{Heap before GC invocations=3 (full 1):
 PSYoungGen      total 75200K, used 64512K [0x00000007ac160000, 0x00000007b1540000, 0x0000000800000000)
  eden space 64512K, 100% used [0x00000007ac160000,0x00000007b0060000,0x00000007b0060000)
  from space 10688K, 0% used [0x00000007b0060000,0x00000007b0060000,0x00000007b0ad0000)
  to   space 10688K, 0% used [0x00000007b0ad0000,0x00000007b0ad0000,0x00000007b1540000)
 ParOldGen       total 171840K, used 1606K [0x0000000704400000, 0x000000070ebd0000, 0x00000007ac160000)
  object space 171840K, 0% used [0x0000000704400000,0x0000000704591810,0x000000070ebd0000)
 PSPermGen       total 21248K, used 11930K [0x00000006ff200000, 0x00000007006c0000, 0x0000000704400000)
  object space 21248K, 56% used [0x00000006ff200000,0x00000006ffda6978,0x00000007006c0000)
Event: 1944.211 GC heap after
Heap after GC invocations=3 (full 1):
 PSYoungGen      total 75200K, used 2124K [0x00000007ac160000, 0x00000007b1540000, 0x0000000800000000)
  eden space 64512K, 0% used [0x00000007ac160000,0x00000007ac160000,0x00000007b0060000)
  from space 10688K, 19% used [0x00000007b0ad0000,0x00000007b0ce3088,0x00000007b1540000)
  to   space 10688K, 0% used [0x00000007b0060000,0x00000007b0060000,0x00000007b0ad0000)
 ParOldGen       total 171840K, used 1606K [0x0000000704400000, 0x000000070ebd0000, 0x00000007ac160000)
  object space 171840K, 0% used [0x0000000704400000,0x0000000704591810,0x000000070ebd0000)
 PSPermGen       total 21248K, used 11930K [0x00000006ff200000, 0x00000007006c0000, 0x0000000704400000)
  object space 21248K, 56% used [0x00000006ff200000,0x00000006ffda6978,0x00000007006c0000)
}
Event: 3600.967 GC heap before
{Heap before GC invocations=4 (full 1):
 PSYoungGen      total 75200K, used 41239K [0x00000007ac160000, 0x00000007b1540000, 0x0000000800000000)
  eden space 64512K, 60% used [0x00000007ac160000,0x00000007ae792cc8,0x00000007b0060000)
  from space 10688K, 19% used [0x00000007b0ad0000,0x00000007b0ce3088,0x00000007b1540000)
  to   space 10688K, 0% used [0x00000007b0060000,0x00000007b0060000,0x00000007b0ad0000)
 ParOldGen       total 171840K, used 1606K [0x0000000704400000, 0x000000070ebd0000, 0x00000007ac160000)
  object space 171840K, 0% used [0x0000000704400000,0x0000000704591810,0x000000070ebd0000)
 PSPermGen       total 21248K, used 14119K [0x00000006ff200000, 0x00000007006c0000, 0x0000000704400000)
  object space 21248K, 66% used [0x00000006ff200000,0x00000006fffc9fd8,0x00000007006c0000)
Event: 3600.972 GC heap after
Heap after GC invocations=4 (full 1):
 PSYoungGen      total 75200K, used 3175K [0x00000007ac160000, 0x00000007b1540000, 0x0000000800000000)
  eden space 64512K, 0% used [0x00000007ac160000,0x00000007ac160000,0x00000007b0060000)
  from space 10688K, 29% used [0x00000007b0060000,0x00000007b0379e40,0x00000007b0ad0000)
  to   space 10688K, 0% used [0x00000007b0ad0000,0x00000007b0ad0000,0x00000007b1540000)
 ParOldGen       total 171840K, used 1606K [0x0000000704400000, 0x000000070ebd0000, 0x00000007ac160000)
  object space 171840K, 0% used [0x0000000704400000,0x0000000704591810,0x000000070ebd0000)
 PSPermGen       total 21248K, used 14119K [0x00000006ff200000, 0x00000007006c0000, 0x0000000704400000)
  object space 21248K, 66% used [0x00000006ff200000,0x00000006fffc9fd8,0x00000007006c0000)
}
Event: 3600.972 GC heap before
{Heap before GC invocations=5 (full 2):
 PSYoungGen      total 75200K, used 3175K [0x00000007ac160000, 0x00000007b1540000, 0x0000000800000000)
  eden space 64512K, 0% used [0x00000007ac160000,0x00000007ac160000,0x00000007b0060000)
  from space 10688K, 29% used [0x00000007b0060000,0x00000007b0379e40,0x00000007b0ad0000)
  to   space 10688K, 0% used [0x00000007b0ad0000,0x00000007b0ad0000,0x00000007b1540000)
 ParOldGen       total 171840K, used 1606K [0x0000000704400000, 0x000000070ebd0000, 0x00000007ac160000)
  object space 171840K, 0% used [0x0000000704400000,0x0000000704591810,0x000000070ebd0000)
 PSPermGen       total 21248K, used 14119K [0x00000006ff200000, 0x00000007006c0000, 0x0000000704400000)
  object space 21248K, 66% used [0x00000006ff200000,0x00000006fffc9fd8,0x00000007006c0000)
Event: 3601.005 GC heap after
Heap after GC invocations=5 (full 2):
 PSYoungGen      total 75200K, used 0K [0x00000007ac160000, 0x00000007b1540000, 0x0000000800000000)
  eden space 64512K, 0% used [0x00000007ac160000,0x00000007ac160000,0x00000007b0060000)
  from space 10688K, 0% used [0x00000007b0060000,0x00000007b0060000,0x00000007b0ad0000)
  to   space 10688K, 0% used [0x00000007b0ad0000,0x00000007b0ad0000,0x00000007b1540000)
 ParOldGen       total 171840K, used 4117K [0x0000000704400000, 0x000000070ebd0000, 0x00000007ac160000)
  object space 171840K, 2% used [0x0000000704400000,0x00000007048054a0,0x000000070ebd0000)
 PSPermGen       total 24512K, used 14117K [0x00000006ff200000, 0x00000007009f0000, 0x0000000704400000)
  object space 24512K, 57% used [0x00000006ff200000,0x00000006fffc97a0,0x00000007009f0000)
}
Event: 7201.006 GC heap before
{Heap before GC invocations=6 (full 2):
 PSYoungGen      total 75200K, used 60365K [0x00000007ac160000, 0x00000007b1540000, 0x0000000800000000)
  eden space 64512K, 93% used [0x00000007ac160000,0x00000007afc53588,0x00000007b0060000)
  from space 10688K, 0% used [0x00000007b0060000,0x00000007b0060000,0x00000007b0ad0000)
  to   space 10688K, 0% used [0x00000007b0ad0000,0x00000007b0ad0000,0x00000007b1540000)
 ParOldGen       total 171840K, used 4117K [0x0000000704400000, 0x000000070ebd0000, 0x00000007ac160000)
  object space 171840K, 2% used [0x0000000704400000,0x00000007048054a0,0x000000070ebd0000)
 PSPermGen       total 24512K, used 14434K [0x00000006ff200000, 0x00000007009f0000, 0x0000000704400000)
  object space 24512K, 58% used [0x00000006ff200000,0x0000000700018ba8,0x00000007009f0000)
Event: 7201.007 GC heap after
Heap after GC invocations=6 (full 2):
 PSYoungGen      total 75200K, used 592K [0x00000007ac160000, 0x00000007b1540000, 0x0000000800000000)
  eden space 64512K, 0% used [0x00000007ac160000,0x00000007ac160000,0x00000007b0060000)
  from space 10688K, 5% used [0x00000007b0ad0000,0x00000007b0b64020,0x00000007b1540000)
  to   space 10688K, 0% used [0x00000007b0060000,0x00000007b0060000,0x00000007b0ad0000)
 ParOldGen       total 171840K, used 4117K [0x0000000704400000, 0x000000070ebd0000, 0x00000007ac160000)
  object space 171840K, 2% used [0x0000000704400000,0x00000007048054a0,0x000000070ebd0000)
 PSPermGen       total 24512K, used 14434K [0x00000006ff200000, 0x00000007009f0000, 0x0000000704400000)
  object space 24512K, 58% used [0x00000006ff200000,0x0000000700018ba8,0x00000007009f0000)
}
Event: 7201.007 GC heap before
{Heap before GC invocations=7 (full 3):
 PSYoungGen      total 75200K, used 592K [0x00000007ac160000, 0x00000007b1540000, 0x0000000800000000)
  eden space 64512K, 0% used [0x00000007ac160000,0x00000007ac160000,0x00000007b0060000)
  from space 10688K, 5% used [0x00000007b0ad0000,0x00000007b0b64020,0x00000007b1540000)
  to   space 10688K, 0% used [0x00000007b0060000,0x00000007b0060000,0x00000007b0ad0000)
 ParOldGen       total 171840K, used 4117K [0x0000000704400000, 0x000000070ebd0000, 0x00000007ac160000)
  object space 171840K, 2% used [0x0000000704400000,0x00000007048054a0,0x000000070ebd0000)
 PSPermGen       total 24512K, used 14434K [0x00000006ff200000, 0x00000007009f0000, 0x0000000704400000)
  object space 24512K, 58% used [0x00000006ff200000,0x0000000700018ba8,0x00000007009f0000)
Event: 7201.053 GC heap after
Heap after GC invocations=7 (full 3):
 PSYoungGen      total 75200K, used 0K [0x00000007ac160000, 0x00000007b1540000, 0x0000000800000000)
  eden space 64512K, 0% used [0x00000007ac160000,0x00000007ac160000,0x00000007b0060000)
  from space 10688K, 0% used [0x00000007b0ad0000,0x00000007b0ad0000,0x00000007b1540000)
  to   space 10688K, 0% used [0x00000007b0060000,0x00000007b0060000,0x00000007b0ad0000)
 ParOldGen       total 171840K, used 2868K [0x0000000704400000, 0x000000070ebd0000, 0x00000007ac160000)
  object space 171840K, 1% used [0x0000000704400000,0x00000007046cd0c0,0x000000070ebd0000)
 PSPermGen       total 26048K, used 14404K [0x00000006ff200000, 0x0000000700b70000, 0x0000000704400000)
  object space 26048K, 55% used [0x00000006ff200000,0x00000007000111b8,0x0000000700b70000)
}

